build/app/outputs/mapping/release/seeds.txt
com.example.flutterassettracer.MainActivity
com.example.flutterassettracer.MainActivity: MainActivity()
...
androidx.versionedparcelable.CustomVersionedParcelable: CustomVersionedParcelable()
com.google.android.recaptcha.internal.zzhq: boolean zzd(byte)
com.google.android.recaptcha.internal.zzgn: void zzP(int,java.util.List,com.google.android.recaptcha.internal.zzhx,boolean)
kotlin.coroutines.jvm.internal.BaseContinuationImpl: void releaseIntercepted()
com.google.android.recaptcha.internal.zzct: zzct()
androidx.appcompat.widget.LinearLayoutCompat: LinearLayoutCompat(android.content.Context,android.util.AttributeSet,int)
androidx.vectordrawable.graphics.drawable.VectorDrawableCompat$VFullPath: void setStrokeColor(int)
androidx.window.layout.ActivityCompatHelperApi30: android.graphics.Rect maximumWindowBounds(android.app.Activity)
com.google.android.recaptcha.Recaptcha$getClient$2$1: java.lang.Object invokeSuspend(java.lang.Object)
kotlinx.coroutines.android.AndroidDispatcherFactory: kotlinx.coroutines.MainCoroutineDispatcher createDispatcher(java.util.List)
com.google.android.recaptcha.internal.zzde: java.util.Iterator iterator()
androidx.appcompat.widget.ScrollingTabContainerView: void setAllowCollapse(boolean)
androidx.window.layout.SidecarAdapter: SidecarAdapter()
com.google.firebase.database.core.operation.Operation$OperationType: com.google.firebase.database.core.operation.Operation$OperationType valueOf(java.lang.String)
io.flutter.plugin.editing.ImeSyncDeferringInsetsCallback: int access$100(io.flutter.plugin.editing.ImeSyncDeferringInsetsCallback)
io.flutter.embedding.engine.FlutterOverlaySurface: android.view.Surface getSurface()
androidx.window.core.Version$bigInteger$2: java.lang.Object invoke()
com.google.android.recaptcha.internal.zzex: int zza(boolean)
kotlin.jvm.internal.FunctionReference: FunctionReference(int,java.lang.Object,java.lang.Class,java.lang.String,java.lang.String,int)
com.google.android.recaptcha.internal.zzja: com.google.android.recaptcha.internal.zzja zzg()
androidx.window.embedding.SplitPlaceholderRule: int hashCode()
androidx.appcompat.app.AppCompatDelegateImpl: void callOnPanelClosed(int,androidx.appcompat.app.AppCompatDelegateImpl$PanelFeatureState,android.view.Menu)
com.google.android.recaptcha.internal.zzfo: java.lang.Object set(int,java.lang.Object)
com.google.android.recaptcha.internal.zzhp: void zzj(java.lang.Object,long,boolean)
androidx.core.text.TextUtilsCompat$Api17Impl: int getLayoutDirectionFromLocale(java.util.Locale)
com.google.firebase.database.tubesock.WebSocket$State: com.google.firebase.database.tubesock.WebSocket$State[] values()
com.google.android.recaptcha.internal.zzhp: java.lang.Object zzf(java.lang.Object,long)
com.google.android.recaptcha.internal.zzdv: java.lang.Object set(int,java.lang.Object)
com.google.android.recaptcha.internal.zzby: void remove()
io.flutter.plugins.GeneratedPluginRegistrant: GeneratedPluginRegistrant()
androidx.appcompat.widget.Toolbar: void setLogo(int)
io.flutter.embedding.android.FlutterSplashView$SavedState: java.lang.String access$600(io.flutter.embedding.android.FlutterSplashView$SavedState)
com.google.android.recaptcha.internal.zzcx: void remove()
com.google.android.recaptcha.internal.zzcc: zzcc(java.lang.String,java.lang.String)
androidx.window.layout.HardwareFoldingFeature$Type$Companion: androidx.window.layout.HardwareFoldingFeature$Type getHINGE()
com.google.mlkit.nl.smartreply.bundled.internal.SmartReplyResultNative: SmartReplyResultNative()
io.grpc.internal.FailingClientStream: void start(io.grpc.internal.ClientStreamListener)
com.google.android.recaptcha.internal.zzbl: java.lang.Object invoke(java.lang.Object,java.lang.Object)
com.google.android.recaptcha.internal.zzjv: void zzE(com.google.android.recaptcha.internal.zzjv,com.google.android.recaptcha.internal.zzde)
io.flutter.embedding.engine.FlutterJNI: void dispatchEmptyPlatformMessage(java.lang.String,int)
com.google.android.recaptcha.internal.zzfg: java.lang.Object remove(int)
com.google.android.recaptcha.internal.zzhn: float zzb(java.lang.Object,long)