build/app/outputs/mapping/release/usage.txt
com.example.flutterassettracer.BuildConfig
com.example.flutterassettracer.R$anim
com.example.flutterassettracer.R$animator
com.example.flutterassettracer.R$attr
com.example.flutterassettracer.R$bool
com.example.flutterassettracer.R$color
com.example.flutterassettracer.R$dimen
com.example.flutterassettracer.R$drawable
com.example.flutterassettracer.R$id
com.example.flutterassettracer.R$integer
com.example.flutterassettracer.R$interpolator
com.example.flutterassettracer.R$layout
com.example.flutterassettracer.R$mipmap
com.example.flutterassettracer.R$raw
com.example.flutterassettracer.R$string
com.example.flutterassettracer.R$style
com.example.flutterassettracer.R$styleable
com.example.flutterassettracer.R$xml
com.example.flutterassettracer.R
...
com.google.android.gms.fido.fido2.zzk
com.google.android.gms.fido.fido2.zzl
com.google.android.gms.fido.fido2.zzm
com.google.android.gms.fido.fido2.zzn
com.google.android.gms.fido.fido2.zzo
com.google.android.gms.fido.fido2.zzp
com.google.android.gms.fido.fido2.zzq
com.google.android.gms.fido.fido2.zzr
com.google.android.gms.fido.fido2.zzs
com.google.android.gms.fido.fido2.zzt
com.google.android.gms.fido.fido2.zzu
com.google.android.gms.fido.fido2.zzv
com.google.android.gms.fido.sourcedevice.SourceDirectTransferClient
com.google.android.gms.fido.sourcedevice.SourceDirectTransferResult
com.google.android.gms.fido.sourcedevice.SourceStartDirectTransferOptions
com.google.android.gms.fido.sourcedevice.zza
com.google.android.gms.fido.sourcedevice.zzb
com.google.android.gms.fido.u2f.U2fApiClient
com.google.android.gms.fido.u2f.U2fPendingIntent
com.google.android.gms.fido.u2f.api.common.ChannelIdValue$ChannelIdValueType
com.google.android.gms.fido.u2f.api.common.ChannelIdValue$UnsupportedChannelIdValueTypeException
com.google.android.gms.fido.u2f.api.common.ChannelIdValue
com.google.android.gms.fido.u2f.api.common.ClientData$Builder
com.google.android.gms.fido.u2f.api.common.ClientData
com.google.android.gms.fido.u2f.api.common.Error
com.google.android.gms.fido.u2f.api.common.ErrorCode
com.google.android.gms.fido.u2f.api.common.ErrorResponseData
com.google.android.gms.fido.u2f.api.common.KeyHandle
com.google.android.gms.fido.u2f.api.common.ProtocolVersion$UnsupportedProtocolException
com.google.android.gms.fido.u2f.api.common.ProtocolVersion
com.google.android.gms.fido.u2f.api.common.RegisterRequest
com.google.android.gms.fido.u2f.api.common.RegisterRequestParams$Builder
com.google.android.gms.fido.u2f.api.common.RegisterRequestParams
com.google.android.gms.fido.u2f.api.common.RegisterResponseData
com.google.android.gms.fido.u2f.api.common.RegisteredKey
com.google.android.gms.fido.u2f.api.common.RequestParams
com.google.android.gms.fido.u2f.api.common.ResponseData
com.google.android.gms.fido.u2f.api.common.SignRequestParams$Builder
com.google.android.gms.fido.u2f.api.common.SignRequestParams
com.google.android.gms.fido.u2f.api.common.SignResponseData
com.google.android.gms.fido.u2f.api.common.zza
com.google.android.gms.fido.u2f.api.common.zzb
com.google.android.gms.fido.u2f.api.common.zzc
com.google.android.gms.fido.u2f.api.common.zzd
com.google.android.gms.fido.u2f.api.common.zze
com.google.android.gms.fido.u2f.api.common.zzf
com.google.android.gms.fido.u2f.api.common.zzg
com.google.android.gms.fido.u2f.api.common.zzh
com.google.android.gms.fido.u2f.api.common.zzi
com.google.android.gms.fido.u2f.api.common.zzj
com.google.android.gms.fido.u2f.api.common.zzk
com.google.android.gms.fido.u2f.api.common.zzl
com.google.android.gms.fido.u2f.api.messagebased.RequestType$UnsupportedRequestTypeException
com.google.android.gms.fido.u2f.api.messagebased.RequestType
com.google.android.gms.fido.u2f.api.messagebased.ResponseType
com.google.android.gms.fido.u2f.zza
com.google.android.gms.fido.u2f.zzb
com.google.android.gms.fido.u2f.zzc
com.google.android.gms.fido.u2f.zzd
com.google.android.gms.fido.zza
com.google.android.gms.internal.auth-api-phone.zzaa
com.google.android.gms.internal.auth-api-phone.zzab:
    public void <init>(android.app.Activity)
    public final com.google.android.gms.tasks.Task startSmsUserConsent(java.lang.String)
com.google.android.gms.internal.auth-api-phone.zzc:
    public static boolean zzc(android.os.Parcel)
com.google.android.gms.internal.auth-api-phone.zzd
com.google.android.gms.internal.auth-api-phone.zze
com.google.android.gms.internal.auth-api-phone.zzf
com.google.android.gms.internal.auth-api-phone.zzg